0 info it worked if it ends with ok
1 verbose cli [ 'D:\\Program Files (x86)\\node.exe',
1 verbose cli   'D:\\Program Files (x86)\\node_modules\\npm\\bin\\npm-cli.js',
1 verbose cli   'start' ]
2 info using npm@4.1.2
3 info using node@v7.6.0
4 verbose run-script [ 'prestart', 'start', 'poststart' ]
5 info lifecycle zhaserver@0.0.0~prestart: zhaserver@0.0.0
6 silly lifecycle zhaserver@0.0.0~prestart: no script for prestart, continuing
7 info lifecycle zhaserver@0.0.0~start: zhaserver@0.0.0
8 verbose lifecycle zhaserver@0.0.0~start: unsafe-perm in lifecycle true
9 verbose lifecycle zhaserver@0.0.0~start: PATH: D:\Program Files (x86)\node_modules\npm\bin\node-gyp-bin;D:\coco\zhajinhua\zhaServer\node_modules\.bin;C:\Windows\system32;C:\Windows;C:\Windows\System32\Wbem;C:\Windows\System32\WindowsPowerShell\v1.0\;D:\Program Files\WIDCOMM\Bluetooth Software\;D:\Program Files\WIDCOMM\Bluetooth Software\syswow64;C:\Program Files (x86)\Intel\OpenCL SDK\2.0\bin\x86;C:\Program Files (x86)\Intel\OpenCL SDK\2.0\bin\x64;C:\Program Files (x86)\NVIDIA Corporation\PhysX\Common;D:\Program Files (x86)\;D:\Program Files (x86)\node_modules\npm\node_modules;D:\Program Files (x86)\Git\cmd;C:\Users\test\AppData\Roaming\npm
10 verbose lifecycle zhaserver@0.0.0~start: CWD: D:\coco\zhajinhua\zhaServer
11 silly lifecycle zhaserver@0.0.0~start: Args: [ '/d /s /c', 'node ./bin/www' ]
12 silly lifecycle zhaserver@0.0.0~start: Returned: code: 3221225786  signal: null
13 info lifecycle zhaserver@0.0.0~start: Failed to exec start script
14 verbose stack Error: zhaserver@0.0.0 start: `node ./bin/www`
14 verbose stack Exit status 3221225786
14 verbose stack     at EventEmitter.<anonymous> (D:\Program Files (x86)\node_modules\npm\lib\utils\lifecycle.js:279:16)
14 verbose stack     at emitTwo (events.js:106:13)
14 verbose stack     at EventEmitter.emit (events.js:192:7)
14 verbose stack     at ChildProcess.<anonymous> (D:\Program Files (x86)\node_modules\npm\lib\utils\spawn.js:40:14)
14 verbose stack     at emitTwo (events.js:106:13)
14 verbose stack     at ChildProcess.emit (events.js:192:7)
14 verbose stack     at maybeClose (internal/child_process.js:890:16)
14 verbose stack     at Process.ChildProcess._handle.onexit (internal/child_process.js:226:5)
15 verbose pkgid zhaserver@0.0.0
16 verbose cwd D:\coco\zhajinhua\zhaServer
17 error Windows_NT 6.1.7601
18 error argv "D:\\Program Files (x86)\\node.exe" "D:\\Program Files (x86)\\node_modules\\npm\\bin\\npm-cli.js" "start"
19 error node v7.6.0
20 error npm  v4.1.2
21 error code ELIFECYCLE
22 error zhaserver@0.0.0 start: `node ./bin/www`
22 error Exit status 3221225786
23 error Failed at the zhaserver@0.0.0 start script 'node ./bin/www'.
23 error Make sure you have the latest version of node.js and npm installed.
23 error If you do, this is most likely a problem with the zhaserver package,
23 error not with npm itself.
23 error Tell the author that this fails on your system:
23 error     node ./bin/www
23 error You can get information on how to open an issue for this project with:
23 error     npm bugs zhaserver
23 error Or if that isn't available, you can get their info via:
23 error     npm owner ls zhaserver
23 error There is likely additional logging output above.
24 verbose exit [ 1, true ]
